\BOOKMARK [0][-]{chapter.1}{\376\377\173\054\116\000\172\340\000\040\176\352\000\040\213\272}{}% 1
\BOOKMARK [1][-]{section.1.1}{\376\377\116\000\176\247\150\007\230\230}{chapter.1}% 2
\BOOKMARK [2][-]{subsection.1.1.1}{\376\377\116\214\176\247\150\007\230\230}{section.1.1}% 3
\BOOKMARK [2][-]{subsection.1.1.2}{\376\377\116\011\176\247\150\007\230\230}{section.1.1}% 4
\BOOKMARK [1][-]{section.1.2}{\376\377\116\000\176\247\150\007\230\230}{chapter.1}% 5
\BOOKMARK [0][-]{chapter.2}{\376\377\173\054\116\214\172\340\000\040\145\160\133\146\127\372\170\100}{}% 6
\BOOKMARK [1][-]{section.2.1}{\376\377\232\330\145\257\122\006\136\003}{chapter.2}% 7
\BOOKMARK [1][-]{section.2.2}{\376\377\123\167\171\357}{chapter.2}% 8
\BOOKMARK [0][-]{chapter.3}{\376\377\173\054\116\011\172\340\000\040\213\241\173\227\147\072\211\306\211\311}{}% 9
\BOOKMARK [1][-]{section.3.1}{\376\377\166\370\147\072\150\007\133\232}{chapter.3}% 10
\BOOKMARK [2][-]{subsection.3.1.1}{\376\377\116\026\165\114\127\120\150\007\174\373\122\060\166\370\147\072\127\120\150\007\174\373}{section.3.1}% 11
\BOOKMARK [2][-]{subsection.3.1.2}{\376\377\166\370\147\072\127\120\150\007\174\373\122\060\126\376\120\317\127\120\150\007\174\373}{section.3.1}% 12
\BOOKMARK [2][-]{subsection.3.1.3}{\376\377\126\376\120\317\127\120\150\007\122\060\120\317\175\040\127\120\150\007}{section.3.1}% 13
\BOOKMARK [2][-]{subsection.3.1.4}{\376\377\000H\000o\000m\000o\000g\000r\000a\000p\000h\000y\167\351\226\065}{section.3.1}% 14
\BOOKMARK [2][-]{subsection.3.1.5}{\376\377\000H\000o\000m\000o\000g\000r\000a\000p\000h\000y\117\060\213\241}{section.3.1}% 15
\BOOKMARK [2][-]{subsection.3.1.6}{\376\377\150\071\143\156\000H\000o\000m\000o\000g\000r\000a\000p\000h\000y\154\102\211\343\145\313\217\154\167\351\226\065\124\214\136\163\171\373\124\021\221\317}{section.3.1}% 16
\BOOKMARK [1][-]{section.3.2}{\376\377\126\376\120\317\131\004\164\006}{chapter.3}% 17
\BOOKMARK [2][-]{subsection.3.2.1}{\376\377\156\344\154\342}{section.3.2}% 18
\BOOKMARK [0][-]{chapter.4}{\376\377\173\054\126\333\172\340\000\040\155\361\136\246\133\146\116\140}{}% 19
\BOOKMARK [1][-]{section.4.1}{\376\377\147\072\126\150\133\146\116\140}{chapter.4}% 20
\BOOKMARK [2][-]{subsection.4.1.1}{\376\377\000K\000-\000M\000E\000A\000N}{section.4.1}% 21
\BOOKMARK [1][-]{section.4.2}{\376\377\122\006\174\173\152\041\127\213}{chapter.4}% 22
\BOOKMARK [1][-]{section.4.3}{\376\377\150\300\155\113\152\041\127\213}{chapter.4}% 23
\BOOKMARK [1][-]{section.4.4}{\376\377\122\006\122\162\152\041\127\213}{chapter.4}% 24
\BOOKMARK [0][-]{chapter.5}{\376\377\173\054\116\224\172\340\000\040\173\227\154\325}{}% 25
\BOOKMARK [0][-]{chapter.6}{\376\377\173\054\121\155\172\340\000\040\213\241\173\227\147\072\127\372\170\100}{}% 26
\BOOKMARK [1][-]{section.6.1}{\376\377\127\372\170\100\151\202\137\365}{chapter.6}% 27
\BOOKMARK [2][-]{subsection.6.1.1}{\376\377\172\013\136\217\177\026\213\321\123\237\164\006}{section.6.1}% 28
\BOOKMARK [2][-]{subsection.6.1.2}{\376\377\000B\000a\000n\000d\000W\000i\000d\000t\000h}{section.6.1}% 29
\BOOKMARK [1][-]{section.6.2}{\376\377\136\070\165\050\124\175\116\344\135\345\121\167}{chapter.6}% 30
\BOOKMARK [2][-]{subsection.6.2.1}{\376\377\000W\000i\000n\000d\000o\000w\000s}{section.6.2}% 31
\BOOKMARK [2][-]{subsection.6.2.2}{\376\377\000U\000b\000u\000n\000t\000u}{section.6.2}% 32
\BOOKMARK [0][-]{chapter.7}{\376\377\173\054\116\003\172\340\000\040\000c\000+\000+}{}% 33
\BOOKMARK [1][-]{section.7.1}{\376\377\127\372\170\100\151\202\137\365}{chapter.7}% 34
\BOOKMARK [2][-]{subsection.7.1.1}{\376\377\174\173\127\213\122\053\124\015}{section.7.1}% 35
\BOOKMARK [2][-]{subsection.7.1.2}{\376\377\000t\000y\000p\000e\000n\000a\000m\000e}{section.7.1}% 36
\BOOKMARK [2][-]{subsection.7.1.3}{\376\377\121\375\145\160\123\237\127\213}{section.7.1}% 37
\BOOKMARK [2][-]{subsection.7.1.4}{\376\377\000n\000a\000m\000e\000s\000p\000a\000c\000e}{section.7.1}% 38
\BOOKMARK [2][-]{subsection.7.1.5}{\376\377\000d\000e\000c\000l\000t\000y\000p\000e}{section.7.1}% 39
\BOOKMARK [2][-]{subsection.7.1.6}{\376\377\000e\000x\000t\000e\000r\000n}{section.7.1}% 40
\BOOKMARK [2][-]{subsection.7.1.7}{\376\377\121\375\145\160\143\007\224\210}{section.7.1}% 41
\BOOKMARK [2][-]{subsection.7.1.8}{\376\377\000n\000o\000e\000x\000c\000e\000p\000t}{section.7.1}% 42
\BOOKMARK [2][-]{subsection.7.1.9}{\376\377\000r\000e\000s\000t\000r\000i\000c\000t}{section.7.1}% 43
\BOOKMARK [2][-]{subsection.7.1.10}{\376\377\000v\000a\000l\000u\000e\000\040\000i\000n\000i\000t\000i\000a\000l\000i\000z\000a\000t\000i\000o\000n}{section.7.1}% 44
\BOOKMARK [1][-]{section.7.2}{\376\377\121\205\133\130\173\241\164\006}{chapter.7}% 45
\BOOKMARK [2][-]{subsection.7.2.1}{\376\377\127\372\147\054\121\205\133\130\151\202\137\365}{section.7.2}% 46
\BOOKMARK [2][-]{subsection.7.2.2}{\376\377\000c\000o\000n\000s\000t}{section.7.2}% 47
\BOOKMARK [2][-]{subsection.7.2.3}{\376\377\000h\000e\000a\000p}{section.7.2}% 48
\BOOKMARK [2][-]{subsection.7.2.4}{\376\377\000s\000t\000a\000c\000k}{section.7.2}% 49
\BOOKMARK [2][-]{subsection.7.2.5}{\376\377\000F\000r\000e\000e\000\040\000S\000t\000o\000r\000e}{section.7.2}% 50
\BOOKMARK [2][-]{subsection.7.2.6}{\376\377\000G\000l\000o\000b\000a\000l\000/\000S\000t\000a\000t\000i\000c}{section.7.2}% 51
\BOOKMARK [1][-]{section.7.3}{\376\377\000c\000l\000a\000s\000s}{chapter.7}% 52
\BOOKMARK [2][-]{subsection.7.3.1}{\376\377\000d\000e\000f\000a\000u\000l\000t}{section.7.3}% 53
\BOOKMARK [2][-]{subsection.7.3.2}{\376\377\000d\000e\000l\000e\000t\000e}{section.7.3}% 54
\BOOKMARK [2][-]{subsection.7.3.3}{\376\377\000f\000i\000n\000a\000l}{section.7.3}% 55
\BOOKMARK [2][-]{subsection.7.3.4}{\376\377\000e\000x\000p\000l\000i\000c\000i\000t}{section.7.3}% 56
\BOOKMARK [2][-]{subsection.7.3.5}{\376\377\000v\000i\000r\000t\000u\000a\000l}{section.7.3}% 57
\BOOKMARK [2][-]{subsection.7.3.6}{\376\377\206\132\121\375\145\160\210\150}{section.7.3}% 58
\BOOKMARK [1][-]{section.7.4}{\376\377\152\041\147\177}{chapter.7}% 59
\BOOKMARK [2][-]{subsection.7.4.1}{\376\377\123\357\220\011\152\041\147\177\123\302\145\160}{section.7.4}% 60
\BOOKMARK [2][-]{subsection.7.4.2}{\376\377\123\357\123\330\123\302\145\160\152\041\147\177}{section.7.4}% 61
\BOOKMARK [1][-]{section.7.5}{\376\377\000s\000t\000d}{chapter.7}% 62
\BOOKMARK [2][-]{subsection.7.5.1}{\376\377\000s\000t\000d\000:\000:\000v\000e\000c\000t\000o\000r}{section.7.5}% 63
\BOOKMARK [2][-]{subsection.7.5.2}{\376\377\000s\000t\000d\000:\000:\000f\000o\000r\000w\000a\000r\000d}{section.7.5}% 64
\BOOKMARK [2][-]{subsection.7.5.3}{\376\377\000s\000t\000d\000:\000:\000e\000n\000a\000b\000l\000e\000\137\000i\000f}{section.7.5}% 65
\BOOKMARK [2][-]{subsection.7.5.4}{\376\377\000s\000t\000d\000:\000:\000f\000i\000n\000d\000\137\000i\000f}{section.7.5}% 66
\BOOKMARK [1][-]{section.7.6}{\376\377\000c\000m\000a\000k\000e}{chapter.7}% 67
\BOOKMARK [2][-]{subsection.7.6.1}{\376\377\000c\000m\000a\000k\000e\000\040\000d\000e\000m\000o}{section.7.6}% 68
\BOOKMARK [1][-]{section.7.7}{\376\377\213\276\213\241\152\041\137\017}{chapter.7}% 69
\BOOKMARK [0][-]{chapter.8}{\376\377\123\302\200\003\145\207\163\056}{}% 70
